\BOOKMARK [1][-]{section.1}{Left/Right Footprint Detection}{}% 1
\BOOKMARK [2][-]{subsection.1.1}{Image Preprocessing}{section.1}% 2
\BOOKMARK [3][-]{subsubsection.1.1.1}{Motivation}{subsection.1.1}% 3
\BOOKMARK [2][-]{subsection.1.2}{Method}{section.1}% 4
\BOOKMARK [2][-]{subsection.1.3}{Learning algorithm}{section.1}% 5
\BOOKMARK [3][-]{subsubsection.1.3.1}{Library used}{subsection.1.3}% 6
\BOOKMARK [2][-]{subsection.1.4}{Network Architecture}{section.1}% 7
\BOOKMARK [1][-]{section.2}{Footprint Matching}{}% 8
\BOOKMARK [2][-]{subsection.2.1}{Image Preprocessing}{section.2}% 9
\BOOKMARK [2][-]{subsection.2.2}{Architecture and Methods}{section.2}% 10
\BOOKMARK [3][-]{subsubsection.2.2.1}{Training from Scratch}{subsection.2.2}% 11
\BOOKMARK [3][-]{subsubsection.2.2.2}{Additional Layers}{subsection.2.2}% 12
\BOOKMARK [3][-]{subsubsection.2.2.3}{Transfer Learning}{subsection.2.2}% 13
\BOOKMARK [2][-]{subsection.2.3}{Considerations}{section.2}% 14
\BOOKMARK [1][-]{section.3}{Submission of papers to NIPS 2016}{}% 15
\BOOKMARK [2][-]{subsection.3.1}{Style}{section.3}% 16
\BOOKMARK [2][-]{subsection.3.2}{Retrieval of style files}{section.3}% 17
\BOOKMARK [1][-]{section.4}{General formatting instructions}{}% 18
\BOOKMARK [1][-]{section.5}{Headings: first level}{}% 19
\BOOKMARK [2][-]{subsection.5.1}{Headings: second level}{section.5}% 20
\BOOKMARK [3][-]{subsubsection.5.1.1}{Headings: third level}{subsection.5.1}% 21
\BOOKMARK [1][-]{section.6}{Citations, figures, tables, references}{}% 22
\BOOKMARK [2][-]{subsection.6.1}{Citations within the text}{section.6}% 23
\BOOKMARK [2][-]{subsection.6.2}{Footnotes}{section.6}% 24
\BOOKMARK [2][-]{subsection.6.3}{Figures}{section.6}% 25
\BOOKMARK [2][-]{subsection.6.4}{Tables}{section.6}% 26
\BOOKMARK [1][-]{section.7}{Final instructions}{}% 27
\BOOKMARK [1][-]{section.8}{Preparing PDF files}{}% 28
\BOOKMARK [2][-]{subsection.8.1}{Margins in LaTeX}{section.8}% 29
